  [1m[35m (59.1ms)[0m  [1m[35mCREATE TABLE "schema_migrations" ("version" character varying NOT NULL PRIMARY KEY)[0m
  ↳ /usr/local/bin/rake:23
  [1m[35m (7.8ms)[0m  [1m[35mCREATE TABLE "ar_internal_metadata" ("key" character varying NOT NULL PRIMARY KEY, "value" character varying, "created_at" timestamp NOT NULL, "updated_at" timestamp NOT NULL)[0m
  ↳ /usr/local/bin/rake:23
  [1m[35m (0.5ms)[0m  [1m[34mSELECT pg_try_advisory_lock(1124963863048785165)[0m
  ↳ /usr/local/bin/rake:23
  [1m[35m (1.8ms)[0m  [1m[34mSELECT "schema_migrations"."version" FROM "schema_migrations" ORDER BY "schema_migrations"."version" ASC[0m
  ↳ /usr/local/bin/rake:23
Migrating to DeviseCreateAdminUsers (20181030091835)
  [1m[35m (0.3ms)[0m  [1m[35mBEGIN[0m
  ↳ /usr/local/bin/rake:23
  [1m[35m (12.8ms)[0m  [1m[35mCREATE TABLE "admin_users" ("id" bigserial primary key, "email" character varying DEFAULT '' NOT NULL, "encrypted_password" character varying DEFAULT '' NOT NULL, "reset_password_token" character varying, "reset_password_sent_at" timestamp, "remember_created_at" timestamp, "sign_in_count" integer DEFAULT 0 NOT NULL, "current_sign_in_at" timestamp, "last_sign_in_at" timestamp, "current_sign_in_ip" inet, "last_sign_in_ip" inet, "created_at" timestamp NOT NULL, "updated_at" timestamp NOT NULL)[0m
  ↳ db/migrate/20181030091835_devise_create_admin_users.rb:5
  [1m[35m (2.5ms)[0m  [1m[35mCREATE UNIQUE INDEX  "index_admin_users_on_email" ON "admin_users"  ("email")[0m
  ↳ db/migrate/20181030091835_devise_create_admin_users.rb:39
  [1m[35m (1.2ms)[0m  [1m[35mCREATE UNIQUE INDEX  "index_admin_users_on_reset_password_token" ON "admin_users"  ("reset_password_token")[0m
  ↳ db/migrate/20181030091835_devise_create_admin_users.rb:40
  [1m[36mActiveRecord::SchemaMigration Create (0.7ms)[0m  [1m[32mINSERT INTO "schema_migrations" ("version") VALUES ($1) RETURNING "version"[0m  [["version", "20181030091835"]]
  ↳ /usr/local/bin/rake:23
  [1m[35m (1.2ms)[0m  [1m[35mCOMMIT[0m
  ↳ /usr/local/bin/rake:23
Migrating to CreateActiveAdminComments (20181030091838)
  [1m[35m (3.0ms)[0m  [1m[35mBEGIN[0m
  ↳ /usr/local/bin/rake:23
  [1m[35m (51.3ms)[0m  [1m[35mCREATE TABLE "active_admin_comments" ("id" bigserial primary key, "namespace" character varying, "body" text, "resource_type" character varying, "resource_id" bigint, "author_type" character varying, "author_id" bigint, "created_at" timestamp NOT NULL, "updated_at" timestamp NOT NULL)[0m
  ↳ db/migrate/20181030091838_create_active_admin_comments.rb:3
  [1m[35m (1.7ms)[0m  [1m[35mCREATE  INDEX  "index_active_admin_comments_on_resource_type_and_resource_id" ON "active_admin_comments"  ("resource_type", "resource_id")[0m
  ↳ db/migrate/20181030091838_create_active_admin_comments.rb:3
  [1m[35m (2.3ms)[0m  [1m[35mCREATE  INDEX  "index_active_admin_comments_on_author_type_and_author_id" ON "active_admin_comments"  ("author_type", "author_id")[0m
  ↳ db/migrate/20181030091838_create_active_admin_comments.rb:3
  [1m[35m (1.6ms)[0m  [1m[35mCREATE  INDEX  "index_active_admin_comments_on_namespace" ON "active_admin_comments"  ("namespace")[0m
  ↳ db/migrate/20181030091838_create_active_admin_comments.rb:10
  [1m[36mActiveRecord::SchemaMigration Create (0.8ms)[0m  [1m[32mINSERT INTO "schema_migrations" ("version") VALUES ($1) RETURNING "version"[0m  [["version", "20181030091838"]]
  ↳ /usr/local/bin/rake:23
  [1m[35m (0.7ms)[0m  [1m[35mCOMMIT[0m
  ↳ /usr/local/bin/rake:23
  [1m[36mActiveRecord::InternalMetadata Load (4.6ms)[0m  [1m[34mSELECT  "ar_internal_metadata".* FROM "ar_internal_metadata" WHERE "ar_internal_metadata"."key" = $1 LIMIT $2[0m  [["key", "environment"], ["LIMIT", 1]]
  ↳ /usr/local/bin/rake:23
  [1m[35m (0.3ms)[0m  [1m[35mBEGIN[0m
  ↳ /usr/local/bin/rake:23
  [1m[36mActiveRecord::InternalMetadata Create (1.4ms)[0m  [1m[32mINSERT INTO "ar_internal_metadata" ("key", "value", "created_at", "updated_at") VALUES ($1, $2, $3, $4) RETURNING "key"[0m  [["key", "environment"], ["value", "development"], ["created_at", "2018-10-30 09:21:42.071835"], ["updated_at", "2018-10-30 09:21:42.071835"]]
  ↳ /usr/local/bin/rake:23
  [1m[35m (0.9ms)[0m  [1m[35mCOMMIT[0m
  ↳ /usr/local/bin/rake:23
  [1m[35m (0.4ms)[0m  [1m[34mSELECT pg_advisory_unlock(1124963863048785165)[0m
  ↳ /usr/local/bin/rake:23
  [1m[35m (0.4ms)[0m  [1m[34mSELECT "schema_migrations"."version" FROM "schema_migrations" ORDER BY "schema_migrations"."version" ASC[0m
  ↳ /usr/local/bin/rake:23
  [1m[35m (1.0ms)[0m  [1m[34mSELECT "schema_migrations"."version" FROM "schema_migrations" ORDER BY "schema_migrations"."version" ASC[0m
  ↳ /usr/local/bin/rake:23
  [1m[35m (0.2ms)[0m  [1m[35mBEGIN[0m
  ↳ db/seeds.rb:8
  [1m[36mAdminUser Exists (1.4ms)[0m  [1m[34mSELECT  1 AS one FROM "admin_users" WHERE "admin_users"."email" = $1 LIMIT $2[0m  [["email", "admin@example.com"], ["LIMIT", 1]]
  ↳ db/seeds.rb:8
  [1m[36mAdminUser Create (1.1ms)[0m  [1m[32mINSERT INTO "admin_users" ("email", "encrypted_password", "created_at", "updated_at") VALUES ($1, $2, $3, $4) RETURNING "id"[0m  [["email", "admin@example.com"], ["encrypted_password", "$2a$11$mg0lt76mhtBWeR32kw24jOyH3Bz5iz4NmTqN0AdVW.0mujgx8ZwkK"], ["created_at", "2018-10-30 09:21:52.730286"], ["updated_at", "2018-10-30 09:21:52.730286"]]
  ↳ db/seeds.rb:8
  [1m[35m (0.4ms)[0m  [1m[35mCOMMIT[0m
  ↳ db/seeds.rb:8
  [1m[35m (1.1ms)[0m  [1m[35mCREATE DATABASE "sample_api_development" ENCODING = 'unicode'[0m
  ↳ bin/rails:9
  [1m[35m (1.0ms)[0m  [1m[35mCREATE DATABASE "sample_api_test" ENCODING = 'unicode'[0m
  ↳ bin/rails:9
  [1m[35m (2.0ms)[0m  [1m[34mSELECT "schema_migrations"."version" FROM "schema_migrations" ORDER BY "schema_migrations"."version" ASC[0m
  ↳ bin/rails:9
  [1m[35m (0.6ms)[0m  [1m[34mSELECT "ar_internal_metadata"."value" FROM "ar_internal_metadata" WHERE "ar_internal_metadata"."key" = $1[0m  [["key", "environment"]]
  ↳ bin/rails:9
  [1m[35m (0.4ms)[0m  [1m[34mSELECT "schema_migrations"."version" FROM "schema_migrations" ORDER BY "schema_migrations"."version" ASC[0m
  ↳ bin/rails:9
  [1m[35m (0.4ms)[0m  [1m[34mSELECT "ar_internal_metadata"."value" FROM "ar_internal_metadata" WHERE "ar_internal_metadata"."key" = $1[0m  [["key", "environment"]]
  ↳ bin/rails:9
  [1m[35m (0.4ms)[0m  [1m[34mSELECT "schema_migrations"."version" FROM "schema_migrations" ORDER BY "schema_migrations"."version" ASC[0m
  ↳ bin/rails:9
  [1m[35m (0.3ms)[0m  [1m[34mSELECT "ar_internal_metadata"."value" FROM "ar_internal_metadata" WHERE "ar_internal_metadata"."key" = $1[0m  [["key", "environment"]]
  ↳ bin/rails:9
  [1m[35mSQL (2.0ms)[0m  [1m[35mCREATE EXTENSION IF NOT EXISTS "plpgsql"[0m
  ↳ db/schema.rb:16
  [1m[35m (13.3ms)[0m  [1m[35mDROP TABLE IF EXISTS "active_admin_comments" CASCADE[0m
  ↳ db/schema.rb:18
  [1m[35m (16.8ms)[0m  [1m[35mCREATE TABLE "active_admin_comments" ("id" bigserial primary key, "namespace" character varying, "body" text, "resource_type" character varying, "resource_id" bigint, "author_type" character varying, "author_id" bigint, "created_at" timestamp NOT NULL, "updated_at" timestamp NOT NULL)[0m
  ↳ db/schema.rb:18
  [1m[35m (4.0ms)[0m  [1m[35mCREATE  INDEX  "index_active_admin_comments_on_author_type_and_author_id" ON "active_admin_comments"  ("author_type", "author_id")[0m
  ↳ db/schema.rb:18
  [1m[35m (1.7ms)[0m  [1m[35mCREATE  INDEX  "index_active_admin_comments_on_namespace" ON "active_admin_comments"  ("namespace")[0m
  ↳ db/schema.rb:18
  [1m[35m (2.6ms)[0m  [1m[35mCREATE  INDEX  "index_active_admin_comments_on_resource_type_and_resource_id" ON "active_admin_comments"  ("resource_type", "resource_id")[0m
  ↳ db/schema.rb:18
  [1m[35m (5.4ms)[0m  [1m[35mDROP TABLE IF EXISTS "admin_users" CASCADE[0m
  ↳ db/schema.rb:32
  [1m[35m (28.8ms)[0m  [1m[35mCREATE TABLE "admin_users" ("id" bigserial primary key, "email" character varying DEFAULT '' NOT NULL, "encrypted_password" character varying DEFAULT '' NOT NULL, "reset_password_token" character varying, "reset_password_sent_at" timestamp, "remember_created_at" timestamp, "sign_in_count" integer DEFAULT 0 NOT NULL, "current_sign_in_at" timestamp, "last_sign_in_at" timestamp, "current_sign_in_ip" inet, "last_sign_in_ip" inet, "created_at" timestamp NOT NULL, "updated_at" timestamp NOT NULL)[0m
  ↳ db/schema.rb:32
  [1m[35m (2.0ms)[0m  [1m[35mCREATE UNIQUE INDEX  "index_admin_users_on_email" ON "admin_users"  ("email")[0m
  ↳ db/schema.rb:32
  [1m[35m (1.8ms)[0m  [1m[35mCREATE UNIQUE INDEX  "index_admin_users_on_reset_password_token" ON "admin_users"  ("reset_password_token")[0m
  ↳ db/schema.rb:32
  [1m[35m (1.4ms)[0m  [1m[34mSELECT "schema_migrations"."version" FROM "schema_migrations" ORDER BY "schema_migrations"."version" ASC[0m
  ↳ db/schema.rb:13
  [1m[36mActiveRecord::InternalMetadata Load (0.9ms)[0m  [1m[34mSELECT  "ar_internal_metadata".* FROM "ar_internal_metadata" WHERE "ar_internal_metadata"."key" = $1 LIMIT $2[0m  [["key", "environment"], ["LIMIT", 1]]
  ↳ db/schema.rb:13
  [1m[35m (1.1ms)[0m  [1m[35mBEGIN[0m
  ↳ db/schema.rb:13
  [1m[35m (0.8ms)[0m  [1m[35mCOMMIT[0m
  ↳ db/schema.rb:13
  [1m[36mActiveRecord::InternalMetadata Load (1.8ms)[0m  [1m[34mSELECT  "ar_internal_metadata".* FROM "ar_internal_metadata" WHERE "ar_internal_metadata"."key" = $1 LIMIT $2[0m  [["key", "environment"], ["LIMIT", 1]]
  ↳ bin/rails:9
  [1m[35m (6.1ms)[0m  [1m[35mBEGIN[0m
  ↳ bin/rails:9
  [1m[35m (0.3ms)[0m  [1m[35mCOMMIT[0m
  ↳ bin/rails:9
  [1m[35mSQL (2.7ms)[0m  [1m[35mCREATE EXTENSION IF NOT EXISTS "plpgsql"[0m
  ↳ db/schema.rb:16
  [1m[35m (1.0ms)[0m  [1m[35mDROP TABLE IF EXISTS "active_admin_comments" CASCADE[0m
  ↳ db/schema.rb:18
  [1m[35m (49.7ms)[0m  [1m[35mCREATE TABLE "active_admin_comments" ("id" bigserial primary key, "namespace" character varying, "body" text, "resource_type" character varying, "resource_id" bigint, "author_type" character varying, "author_id" bigint, "created_at" timestamp NOT NULL, "updated_at" timestamp NOT NULL)[0m
  ↳ db/schema.rb:18
  [1m[35m (1.6ms)[0m  [1m[35mCREATE  INDEX  "index_active_admin_comments_on_author_type_and_author_id" ON "active_admin_comments"  ("author_type", "author_id")[0m
  ↳ db/schema.rb:18
  [1m[35m (2.5ms)[0m  [1m[35mCREATE  INDEX  "index_active_admin_comments_on_namespace" ON "active_admin_comments"  ("namespace")[0m
  ↳ db/schema.rb:18
  [1m[35m (1.9ms)[0m  [1m[35mCREATE  INDEX  "index_active_admin_comments_on_resource_type_and_resource_id" ON "active_admin_comments"  ("resource_type", "resource_id")[0m
  ↳ db/schema.rb:18
  [1m[35m (0.3ms)[0m  [1m[35mDROP TABLE IF EXISTS "admin_users" CASCADE[0m
  ↳ db/schema.rb:32
  [1m[35m (8.4ms)[0m  [1m[35mCREATE TABLE "admin_users" ("id" bigserial primary key, "email" character varying DEFAULT '' NOT NULL, "encrypted_password" character varying DEFAULT '' NOT NULL, "reset_password_token" character varying, "reset_password_sent_at" timestamp, "remember_created_at" timestamp, "sign_in_count" integer DEFAULT 0 NOT NULL, "current_sign_in_at" timestamp, "last_sign_in_at" timestamp, "current_sign_in_ip" inet, "last_sign_in_ip" inet, "created_at" timestamp NOT NULL, "updated_at" timestamp NOT NULL)[0m
  ↳ db/schema.rb:32
  [1m[35m (3.7ms)[0m  [1m[35mCREATE UNIQUE INDEX  "index_admin_users_on_email" ON "admin_users"  ("email")[0m
  ↳ db/schema.rb:32
  [1m[35m (1.7ms)[0m  [1m[35mCREATE UNIQUE INDEX  "index_admin_users_on_reset_password_token" ON "admin_users"  ("reset_password_token")[0m
  ↳ db/schema.rb:32
  [1m[35m (6.8ms)[0m  [1m[35mCREATE TABLE "schema_migrations" ("version" character varying NOT NULL PRIMARY KEY)[0m
  ↳ db/schema.rb:13
  [1m[35m (2.0ms)[0m  [1m[34mSELECT "schema_migrations"."version" FROM "schema_migrations" ORDER BY "schema_migrations"."version" ASC[0m
  ↳ db/schema.rb:13
  [1m[35m (1.2ms)[0m  [1m[32mINSERT INTO "schema_migrations" (version) VALUES (20181030091838)[0m
  ↳ db/schema.rb:13
  [1m[35m (0.6ms)[0m  [1m[32mINSERT INTO "schema_migrations" (version) VALUES
(20181030091835);

[0m
  ↳ db/schema.rb:13
  [1m[35m (3.5ms)[0m  [1m[35mCREATE TABLE "ar_internal_metadata" ("key" character varying NOT NULL PRIMARY KEY, "value" character varying, "created_at" timestamp NOT NULL, "updated_at" timestamp NOT NULL)[0m
  ↳ db/schema.rb:13
  [1m[36mActiveRecord::InternalMetadata Load (0.8ms)[0m  [1m[34mSELECT  "ar_internal_metadata".* FROM "ar_internal_metadata" WHERE "ar_internal_metadata"."key" = $1 LIMIT $2[0m  [["key", "environment"], ["LIMIT", 1]]
  ↳ db/schema.rb:13
  [1m[35m (0.2ms)[0m  [1m[35mBEGIN[0m
  ↳ db/schema.rb:13
  [1m[36mActiveRecord::InternalMetadata Create (3.4ms)[0m  [1m[32mINSERT INTO "ar_internal_metadata" ("key", "value", "created_at", "updated_at") VALUES ($1, $2, $3, $4) RETURNING "key"[0m  [["key", "environment"], ["value", "development"], ["created_at", "2018-10-30 09:22:14.305452"], ["updated_at", "2018-10-30 09:22:14.305452"]]
  ↳ db/schema.rb:13
  [1m[35m (1.4ms)[0m  [1m[35mCOMMIT[0m
  ↳ db/schema.rb:13
  [1m[36mActiveRecord::InternalMetadata Load (0.5ms)[0m  [1m[34mSELECT  "ar_internal_metadata".* FROM "ar_internal_metadata" WHERE "ar_internal_metadata"."key" = $1 LIMIT $2[0m  [["key", "environment"], ["LIMIT", 1]]
  ↳ bin/rails:9
  [1m[35m (0.2ms)[0m  [1m[35mBEGIN[0m
  ↳ bin/rails:9
  [1m[36mActiveRecord::InternalMetadata Update (0.6ms)[0m  [1m[33mUPDATE "ar_internal_metadata" SET "value" = $1, "updated_at" = $2 WHERE "ar_internal_metadata"."key" = $3[0m  [["value", "test"], ["updated_at", "2018-10-30 09:22:14.319531"], ["key", "environment"]]
  ↳ bin/rails:9
  [1m[35m (0.4ms)[0m  [1m[35mCOMMIT[0m
  ↳ bin/rails:9
  [1m[35m (1.0ms)[0m  [1m[34mSELECT "schema_migrations"."version" FROM "schema_migrations" ORDER BY "schema_migrations"."version" ASC[0m
  ↳ bin/rails:9
  [1m[35m (0.2ms)[0m  [1m[35mBEGIN[0m
  ↳ db/seeds.rb:8
  [1m[36mAdminUser Exists (1.1ms)[0m  [1m[34mSELECT  1 AS one FROM "admin_users" WHERE "admin_users"."email" = $1 LIMIT $2[0m  [["email", "admin@example.com"], ["LIMIT", 1]]
  ↳ db/seeds.rb:8
  [1m[36mAdminUser Create (0.9ms)[0m  [1m[32mINSERT INTO "admin_users" ("email", "encrypted_password", "created_at", "updated_at") VALUES ($1, $2, $3, $4) RETURNING "id"[0m  [["email", "admin@example.com"], ["encrypted_password", "$2a$11$7ngRNSGrrSc3b0dp4jd5aeNXwG2bZA35lc0CF2DBJg8cmjUbi.eCC"], ["created_at", "2018-10-30 09:22:14.508181"], ["updated_at", "2018-10-30 09:22:14.508181"]]
  ↳ db/seeds.rb:8
  [1m[35m (1.4ms)[0m  [1m[35mCOMMIT[0m
  ↳ db/seeds.rb:8
Started GET "/" for 127.0.0.1 at 2018-10-30 14:55:52 +0530
  [1m[35m (2.5ms)[0m  [1m[34mSELECT "schema_migrations"."version" FROM "schema_migrations" ORDER BY "schema_migrations"."version" ASC[0m
  ↳ /usr/local/lib/ruby/gems/2.5.0/gems/activerecord-5.2.1/lib/active_record/log_subscriber.rb:98
Processing by Rails::WelcomeController#index as HTML
  Rendering /usr/local/lib/ruby/gems/2.5.0/gems/railties-5.2.1/lib/rails/templates/rails/welcome/index.html.erb
  Rendered /usr/local/lib/ruby/gems/2.5.0/gems/railties-5.2.1/lib/rails/templates/rails/welcome/index.html.erb (6.9ms)
Completed 200 OK in 83ms (Views: 33.2ms | ActiveRecord: 0.0ms)


Started GET "/admin" for 127.0.0.1 at 2018-10-30 14:55:57 +0530
Processing by Admin::DashboardController#index as HTML
Completed 401 Unauthorized in 9ms (ActiveRecord: 0.0ms)


Started GET "/admin/login" for 127.0.0.1 at 2018-10-30 14:55:57 +0530
Processing by ActiveAdmin::Devise::SessionsController#new as HTML
  Rendering /usr/local/lib/ruby/gems/2.5.0/gems/activeadmin-1.3.1/app/views/active_admin/devise/sessions/new.html.erb within layouts/active_admin_logged_out
  Rendered /usr/local/lib/ruby/gems/2.5.0/gems/activeadmin-1.3.1/app/views/active_admin/devise/shared/_links.erb (1.4ms)
  Rendered /usr/local/lib/ruby/gems/2.5.0/gems/activeadmin-1.3.1/app/views/active_admin/devise/sessions/new.html.erb within layouts/active_admin_logged_out (101.7ms)
Completed 200 OK in 7504ms (Views: 7412.7ms | ActiveRecord: 30.6ms)


Started POST "/admin/login" for 127.0.0.1 at 2018-10-30 14:56:20 +0530
Processing by ActiveAdmin::Devise::SessionsController#create as HTML
  Parameters: {"utf8"=>"✓", "authenticity_token"=>"pWJq/3yyuqBwxX4xwZQyclNbbGCu8CjFUwh2uD5EmEsAcBaSAXgKFDKK9ZJYa2QonwtslkddLWOxaQ6kbTR20A==", "admin_user"=>{"email"=>"admin@example.com", "password"=>"[FILTERED]", "remember_me"=>"0"}, "commit"=>"Login"}
  [1m[36mAdminUser Load (3.3ms)[0m  [1m[34mSELECT  "admin_users".* FROM "admin_users" WHERE "admin_users"."email" = $1 ORDER BY "admin_users"."id" ASC LIMIT $2[0m  [["email", "admin@example.com"], ["LIMIT", 1]]
  ↳ /usr/local/lib/ruby/gems/2.5.0/gems/activerecord-5.2.1/lib/active_record/log_subscriber.rb:98
  [1m[35m (0.6ms)[0m  [1m[35mBEGIN[0m
  ↳ /usr/local/lib/ruby/gems/2.5.0/gems/activerecord-5.2.1/lib/active_record/log_subscriber.rb:98
  [1m[36mAdminUser Update (1.0ms)[0m  [1m[33mUPDATE "admin_users" SET "current_sign_in_at" = $1, "last_sign_in_at" = $2, "current_sign_in_ip" = $3, "last_sign_in_ip" = $4, "sign_in_count" = $5, "updated_at" = $6 WHERE "admin_users"."id" = $7[0m  [["current_sign_in_at", "2018-10-30 09:26:20.608138"], ["last_sign_in_at", "2018-10-30 09:26:20.608138"], ["current_sign_in_ip", "127.0.0.1/32"], ["last_sign_in_ip", "127.0.0.1/32"], ["sign_in_count", 1], ["updated_at", "2018-10-30 09:26:20.610804"], ["id", 1]]
  ↳ /usr/local/lib/ruby/gems/2.5.0/gems/activerecord-5.2.1/lib/active_record/log_subscriber.rb:98
  [1m[35m (1.4ms)[0m  [1m[35mCOMMIT[0m
  ↳ /usr/local/lib/ruby/gems/2.5.0/gems/activerecord-5.2.1/lib/active_record/log_subscriber.rb:98
Redirected to http://localhost:3000/admin
Completed 302 Found in 312ms (ActiveRecord: 6.2ms)


Started GET "/admin" for 127.0.0.1 at 2018-10-30 14:56:20 +0530
Processing by Admin::DashboardController#index as HTML
  [1m[36mAdminUser Load (0.5ms)[0m  [1m[34mSELECT  "admin_users".* FROM "admin_users" WHERE "admin_users"."id" = $1 ORDER BY "admin_users"."id" ASC LIMIT $2[0m  [["id", 1], ["LIMIT", 1]]
  ↳ /usr/local/lib/ruby/gems/2.5.0/gems/activerecord-5.2.1/lib/active_record/log_subscriber.rb:98
  Rendering /usr/local/lib/ruby/gems/2.5.0/gems/activeadmin-1.3.1/app/views/active_admin/page/index.html.arb
  Rendered /usr/local/lib/ruby/gems/2.5.0/gems/activeadmin-1.3.1/app/views/active_admin/page/index.html.arb (376.1ms)
Completed 200 OK in 413ms (Views: 402.3ms | ActiveRecord: 0.5ms)


Started GET "/admin" for 127.0.0.1 at 2018-10-30 14:57:00 +0530
Processing by Admin::DashboardController#index as HTML
  [1m[36mAdminUser Load (0.9ms)[0m  [1m[34mSELECT  "admin_users".* FROM "admin_users" WHERE "admin_users"."id" = $1 ORDER BY "admin_users"."id" ASC LIMIT $2[0m  [["id", 1], ["LIMIT", 1]]
  ↳ /usr/local/lib/ruby/gems/2.5.0/gems/activerecord-5.2.1/lib/active_record/log_subscriber.rb:98
  Rendering /usr/local/lib/ruby/gems/2.5.0/gems/activeadmin-1.3.1/app/views/active_admin/page/index.html.arb
  Rendered /usr/local/lib/ruby/gems/2.5.0/gems/activeadmin-1.3.1/app/views/active_admin/page/index.html.arb (2960.9ms)
Completed 200 OK in 2980ms (Views: 2975.7ms | ActiveRecord: 0.9ms)


Started GET "/admin/admin_users" for 127.0.0.1 at 2018-10-30 14:57:13 +0530
Processing by Admin::AdminUsersController#index as HTML
  [1m[36mAdminUser Load (1.4ms)[0m  [1m[34mSELECT  "admin_users".* FROM "admin_users" WHERE "admin_users"."id" = $1 ORDER BY "admin_users"."id" ASC LIMIT $2[0m  [["id", 1], ["LIMIT", 1]]
  ↳ /usr/local/lib/ruby/gems/2.5.0/gems/activerecord-5.2.1/lib/active_record/log_subscriber.rb:98
  Rendering /usr/local/lib/ruby/gems/2.5.0/gems/activeadmin-1.3.1/app/views/active_admin/resource/index.html.arb
  [1m[35m (1.1ms)[0m  [1m[34mSELECT COUNT(*) FROM (SELECT  1 AS one FROM "admin_users" LIMIT $1 OFFSET $2) subquery_for_count[0m  [["LIMIT", 30], ["OFFSET", 0]]
  ↳ /usr/local/lib/ruby/gems/2.5.0/gems/activerecord-5.2.1/lib/active_record/log_subscriber.rb:98
  [1m[35mCACHE  (0.0ms)[0m  [1m[34mSELECT COUNT(*) FROM (SELECT  1 AS one FROM "admin_users" LIMIT $1 OFFSET $2) subquery_for_count[0m  [["LIMIT", 30], ["OFFSET", 0]]
  ↳ /usr/local/lib/ruby/gems/2.5.0/gems/activerecord-5.2.1/lib/active_record/log_subscriber.rb:98
  [1m[35m (0.7ms)[0m  [1m[34mSELECT COUNT(*) FROM "admin_users"[0m
  ↳ /usr/local/lib/ruby/gems/2.5.0/gems/activerecord-5.2.1/lib/active_record/log_subscriber.rb:98
  [1m[35mCACHE  (0.2ms)[0m  [1m[34mSELECT COUNT(*) FROM (SELECT  1 AS one FROM "admin_users" LIMIT $1 OFFSET $2) subquery_for_count[0m  [["LIMIT", 30], ["OFFSET", 0]]
  ↳ /usr/local/lib/ruby/gems/2.5.0/gems/activerecord-5.2.1/lib/active_record/log_subscriber.rb:98
  [1m[36mAdminUser Load (0.8ms)[0m  [1m[34mSELECT  "admin_users".* FROM "admin_users" ORDER BY "admin_users"."id" desc LIMIT $1 OFFSET $2[0m  [["LIMIT", 30], ["OFFSET", 0]]
  ↳ /usr/local/lib/ruby/gems/2.5.0/gems/activerecord-5.2.1/lib/active_record/log_subscriber.rb:98
  Rendered /usr/local/lib/ruby/gems/2.5.0/gems/activeadmin-1.3.1/app/views/active_admin/resource/index.html.arb (309.9ms)
Completed 200 OK in 357ms (Views: 328.3ms | ActiveRecord: 4.1ms)


Started GET "/" for 127.0.0.1 at 2018-10-30 14:58:50 +0530
  [1m[35m (1.9ms)[0m  [1m[34mSELECT "schema_migrations"."version" FROM "schema_migrations" ORDER BY "schema_migrations"."version" ASC[0m
  ↳ /usr/local/lib/ruby/gems/2.5.0/gems/activerecord-5.2.1/lib/active_record/log_subscriber.rb:98
Processing by Admin::DashboardController#index as HTML
  [1m[36mAdminUser Load (1.9ms)[0m  [1m[34mSELECT  "admin_users".* FROM "admin_users" WHERE "admin_users"."id" = $1 ORDER BY "admin_users"."id" ASC LIMIT $2[0m  [["id", 1], ["LIMIT", 1]]
  ↳ /usr/local/lib/ruby/gems/2.5.0/gems/activerecord-5.2.1/lib/active_record/log_subscriber.rb:98
  Rendering /usr/local/lib/ruby/gems/2.5.0/gems/activeadmin-1.3.1/app/views/active_admin/page/index.html.arb
  Rendered /usr/local/lib/ruby/gems/2.5.0/gems/activeadmin-1.3.1/app/views/active_admin/page/index.html.arb (931.7ms)
Completed 200 OK in 1004ms (Views: 949.0ms | ActiveRecord: 12.9ms)


Started GET "/admin/logout" for 127.0.0.1 at 2018-10-30 14:58:55 +0530
Processing by ActiveAdmin::Devise::SessionsController#destroy as HTML
  Parameters: {"authenticity_token"=>"z/UYeHmGmkW077FuU1kKcK7QZCulaBV+aCIyhtqQrwpHN3/91RePcsVp143o336BZp24bc/2yd/LyAS7NDha8g=="}
  [1m[36mAdminUser Load (1.1ms)[0m  [1m[34mSELECT  "admin_users".* FROM "admin_users" WHERE "admin_users"."id" = $1 ORDER BY "admin_users"."id" ASC LIMIT $2[0m  [["id", 1], ["LIMIT", 1]]
  ↳ /usr/local/lib/ruby/gems/2.5.0/gems/activerecord-5.2.1/lib/active_record/log_subscriber.rb:98
  [1m[35m (0.3ms)[0m  [1m[35mBEGIN[0m
  ↳ /usr/local/lib/ruby/gems/2.5.0/gems/activerecord-5.2.1/lib/active_record/log_subscriber.rb:98
  [1m[35m (2.7ms)[0m  [1m[35mCOMMIT[0m
  ↳ /usr/local/lib/ruby/gems/2.5.0/gems/activerecord-5.2.1/lib/active_record/log_subscriber.rb:98
Redirected to http://localhost:3000/admin
Completed 302 Found in 25ms (ActiveRecord: 4.1ms)


Started GET "/admin" for 127.0.0.1 at 2018-10-30 14:58:55 +0530
Processing by Admin::DashboardController#index as HTML
Completed 401 Unauthorized in 25ms (ActiveRecord: 0.0ms)


Started GET "/admin/login" for 127.0.0.1 at 2018-10-30 14:58:55 +0530
Processing by ActiveAdmin::Devise::SessionsController#new as HTML
  Rendering /usr/local/lib/ruby/gems/2.5.0/gems/activeadmin-1.3.1/app/views/active_admin/devise/sessions/new.html.erb within layouts/active_admin_logged_out
  Rendered /usr/local/lib/ruby/gems/2.5.0/gems/activeadmin-1.3.1/app/views/active_admin/devise/shared/_links.erb (1.6ms)
  Rendered /usr/local/lib/ruby/gems/2.5.0/gems/activeadmin-1.3.1/app/views/active_admin/devise/sessions/new.html.erb within layouts/active_admin_logged_out (88.1ms)
Completed 200 OK in 439ms (Views: 434.6ms | ActiveRecord: 0.0ms)


Started GET "/" for 127.0.0.1 at 2018-10-30 14:59:00 +0530
Processing by Admin::DashboardController#index as HTML
Completed 401 Unauthorized in 2ms (ActiveRecord: 0.0ms)


Started GET "/admin/login" for 127.0.0.1 at 2018-10-30 14:59:00 +0530
Processing by ActiveAdmin::Devise::SessionsController#new as HTML
  Rendering /usr/local/lib/ruby/gems/2.5.0/gems/activeadmin-1.3.1/app/views/active_admin/devise/sessions/new.html.erb within layouts/active_admin_logged_out
  Rendered /usr/local/lib/ruby/gems/2.5.0/gems/activeadmin-1.3.1/app/views/active_admin/devise/shared/_links.erb (1.4ms)
  Rendered /usr/local/lib/ruby/gems/2.5.0/gems/activeadmin-1.3.1/app/views/active_admin/devise/sessions/new.html.erb within layouts/active_admin_logged_out (67.7ms)
Completed 200 OK in 349ms (Views: 347.4ms | ActiveRecord: 0.0ms)


Started POST "/admin/login" for 127.0.0.1 at 2018-10-30 14:59:03 +0530
Processing by ActiveAdmin::Devise::SessionsController#create as HTML
  Parameters: {"utf8"=>"✓", "authenticity_token"=>"9VoArd3dSp0JuxOwNSBhnzNYF8XgQzkecfV8Mf34oV3tK85AIqva+dvvAg9fVrClcB8bj7H0QmOetdA8f8FJMQ==", "admin_user"=>{"email"=>"admin@example.com", "password"=>"[FILTERED]", "remember_me"=>"1"}, "commit"=>"Login"}
  [1m[36mAdminUser Load (1.8ms)[0m  [1m[34mSELECT  "admin_users".* FROM "admin_users" WHERE "admin_users"."email" = $1 ORDER BY "admin_users"."id" ASC LIMIT $2[0m  [["email", "admin@example.com"], ["LIMIT", 1]]
  ↳ /usr/local/lib/ruby/gems/2.5.0/gems/activerecord-5.2.1/lib/active_record/log_subscriber.rb:98
  [1m[35m (0.2ms)[0m  [1m[35mBEGIN[0m
  ↳ /usr/local/lib/ruby/gems/2.5.0/gems/activerecord-5.2.1/lib/active_record/log_subscriber.rb:98
  [1m[36mAdminUser Update (0.8ms)[0m  [1m[33mUPDATE "admin_users" SET "remember_created_at" = $1, "updated_at" = $2 WHERE "admin_users"."id" = $3[0m  [["remember_created_at", "2018-10-30 09:29:03.920739"], ["updated_at", "2018-10-30 09:29:03.921936"], ["id", 1]]
  ↳ /usr/local/lib/ruby/gems/2.5.0/gems/activerecord-5.2.1/lib/active_record/log_subscriber.rb:98
  [1m[35m (1.3ms)[0m  [1m[35mCOMMIT[0m
  ↳ /usr/local/lib/ruby/gems/2.5.0/gems/activerecord-5.2.1/lib/active_record/log_subscriber.rb:98
  [1m[35m (0.2ms)[0m  [1m[35mBEGIN[0m
  ↳ /usr/local/lib/ruby/gems/2.5.0/gems/activerecord-5.2.1/lib/active_record/log_subscriber.rb:98
  [1m[36mAdminUser Update (0.5ms)[0m  [1m[33mUPDATE "admin_users" SET "sign_in_count" = $1, "current_sign_in_at" = $2, "updated_at" = $3 WHERE "admin_users"."id" = $4[0m  [["sign_in_count", 2], ["current_sign_in_at", "2018-10-30 09:29:03.927991"], ["updated_at", "2018-10-30 09:29:03.929194"], ["id", 1]]
  ↳ /usr/local/lib/ruby/gems/2.5.0/gems/activerecord-5.2.1/lib/active_record/log_subscriber.rb:98
  [1m[35m (0.3ms)[0m  [1m[35mCOMMIT[0m
  ↳ /usr/local/lib/ruby/gems/2.5.0/gems/activerecord-5.2.1/lib/active_record/log_subscriber.rb:98
Redirected to http://localhost:3000/
Completed 302 Found in 213ms (ActiveRecord: 5.2ms)


Started GET "/" for 127.0.0.1 at 2018-10-30 14:59:03 +0530
Processing by Admin::DashboardController#index as HTML
  [1m[36mAdminUser Load (0.5ms)[0m  [1m[34mSELECT  "admin_users".* FROM "admin_users" WHERE "admin_users"."id" = $1 ORDER BY "admin_users"."id" ASC LIMIT $2[0m  [["id", 1], ["LIMIT", 1]]
  ↳ /usr/local/lib/ruby/gems/2.5.0/gems/activerecord-5.2.1/lib/active_record/log_subscriber.rb:98
  Rendering /usr/local/lib/ruby/gems/2.5.0/gems/activeadmin-1.3.1/app/views/active_admin/page/index.html.arb
  Rendered /usr/local/lib/ruby/gems/2.5.0/gems/activeadmin-1.3.1/app/views/active_admin/page/index.html.arb (284.0ms)
Completed 200 OK in 302ms (Views: 298.6ms | ActiveRecord: 0.5ms)


